<?xml version="1.0" encoding="UTF-8"?>
<!-- Generated by org.testng.reporters.JUnitReportReporter -->
<testsuite skipped="0" hostname="Naumans-PC" name="uk.co.library.testsuite.JobSearchTest" tests="7" failures="0" timestamp="2022-12-16T15:04:15 GMT" time="65.412" errors="0">
  <testcase name="verifyJobSearchResultUsingDifferentDataSet" time="10.092" classname="uk.co.library.testsuite.JobSearchTest"/>
  <system-out>
    <![CDATA[Click on Accept All Button [[ChromeDriver: chrome on WINDOWS (114b3dcafaefe6e2ea2ba2b2c4b13b8e)] -> xpath: (//span[@class='mat-button-wrapper'])[3]]
Enter job title Banking Team Leaderin Job Title field[[ChromeDriver: chrome on WINDOWS (114b3dcafaefe6e2ea2ba2b2c4b13b8e)] -> xpath: //input[@id='keywords']]
Enter Location Glasgowin Location field[[ChromeDriver: chrome on WINDOWS (114b3dcafaefe6e2ea2ba2b2c4b13b8e)] -> xpath: //input[@id='location']]
Select Distance up to 2 milesin Salary Type field[[ChromeDriver: chrome on WINDOWS (114b3dcafaefe6e2ea2ba2b2c4b13b8e)] -> id: salarymin]
Click on More Search Option Link [[ChromeDriver: chrome on WINDOWS (114b3dcafaefe6e2ea2ba2b2c4b13b8e)] -> xpath: //button[@id='toggle-hp-search']]
Enter minimum salary 20000in Salary Min field[[ChromeDriver: chrome on WINDOWS (114b3dcafaefe6e2ea2ba2b2c4b13b8e)] -> id: salarymin]
Enter maximum salary 40000in Salary Max field[[ChromeDriver: chrome on WINDOWS (114b3dcafaefe6e2ea2ba2b2c4b13b8e)] -> id: salarymax]
Select salary Type Per annumin Salary Type field[[ChromeDriver: chrome on WINDOWS (114b3dcafaefe6e2ea2ba2b2c4b13b8e)] -> id: salarymin]
Select job Type Permanentin Job Type field[[ChromeDriver: chrome on WINDOWS (114b3dcafaefe6e2ea2ba2b2c4b13b8e)] -> id: salarymin]
Click on Find Job Button [[ChromeDriver: chrome on WINDOWS (114b3dcafaefe6e2ea2ba2b2c4b13b8e)] -> xpath: //input[@id='hp-search-btn']]
Verify Result [[ChromeDriver: chrome on WINDOWS (114b3dcafaefe6e2ea2ba2b2c4b13b8e)] -> xpath: //h1[@class='search-header__title']]
Click to see screenshot
<a target = "_blank" href=C:\Users\nik_7\IdeaProjects\cv-library-uk-nauman/test-output/html/verifyJobSearchResultUsingDifferentDataSetFri_Dec_16_15_04_14_GMT_2022.jpg>Screenshot</a>
<br>
<br>
<a target = "_blank" href=C:\Users\nik_7\IdeaProjects\cv-library-uk-nauman/test-output/html/verifyJobSearchResultUsingDifferentDataSetFri_Dec_16_15_04_14_GMT_2022.jpg><img src=C:\Users\nik_7\IdeaProjects\cv-library-uk-nauman/test-output/html/verifyJobSearchResultUsingDifferentDataSetFri_Dec_16_15_04_14_GMT_2022.jpg height=200 width=200></img></a>]]>
  </system-out>
  <testcase name="verifyJobSearchResultUsingDifferentDataSet" time="9.975" classname="uk.co.library.testsuite.JobSearchTest"/>
  <system-out>
    <![CDATA[Click on Accept All Button [[ChromeDriver: chrome on WINDOWS (bfc0484c13098b1d0f6e7b2c047e0f90)] -> xpath: (//span[@class='mat-button-wrapper'])[3]]
Enter job title Accountantin Job Title field[[ChromeDriver: chrome on WINDOWS (bfc0484c13098b1d0f6e7b2c047e0f90)] -> xpath: //input[@id='keywords']]
Enter Location Londonin Location field[[ChromeDriver: chrome on WINDOWS (bfc0484c13098b1d0f6e7b2c047e0f90)] -> xpath: //input[@id='location']]
Select Distance up to 15 milesin Salary Type field[[ChromeDriver: chrome on WINDOWS (bfc0484c13098b1d0f6e7b2c047e0f90)] -> id: salarymin]
Click on More Search Option Link [[ChromeDriver: chrome on WINDOWS (bfc0484c13098b1d0f6e7b2c047e0f90)] -> xpath: //button[@id='toggle-hp-search']]
Enter minimum salary 2000in Salary Min field[[ChromeDriver: chrome on WINDOWS (bfc0484c13098b1d0f6e7b2c047e0f90)] -> id: salarymin]
Enter maximum salary 4000in Salary Max field[[ChromeDriver: chrome on WINDOWS (bfc0484c13098b1d0f6e7b2c047e0f90)] -> id: salarymax]
Select salary Type Per monthin Salary Type field[[ChromeDriver: chrome on WINDOWS (bfc0484c13098b1d0f6e7b2c047e0f90)] -> id: salarymin]
Select job Type Contractin Job Type field[[ChromeDriver: chrome on WINDOWS (bfc0484c13098b1d0f6e7b2c047e0f90)] -> id: salarymin]
Click on Find Job Button [[ChromeDriver: chrome on WINDOWS (bfc0484c13098b1d0f6e7b2c047e0f90)] -> xpath: //input[@id='hp-search-btn']]
Verify Result [[ChromeDriver: chrome on WINDOWS (bfc0484c13098b1d0f6e7b2c047e0f90)] -> xpath: //h1[@class='search-header__title']]
Click to see screenshot
<a target = "_blank" href=C:\Users\nik_7\IdeaProjects\cv-library-uk-nauman/test-output/html/verifyJobSearchResultUsingDifferentDataSetFri_Dec_16_15_03_26_GMT_2022.jpg>Screenshot</a>
<br>
<br>
<a target = "_blank" href=C:\Users\nik_7\IdeaProjects\cv-library-uk-nauman/test-output/html/verifyJobSearchResultUsingDifferentDataSetFri_Dec_16_15_03_26_GMT_2022.jpg><img src=C:\Users\nik_7\IdeaProjects\cv-library-uk-nauman/test-output/html/verifyJobSearchResultUsingDifferentDataSetFri_Dec_16_15_03_26_GMT_2022.jpg height=200 width=200></img></a>]]>
  </system-out>
  <testcase name="verifyJobSearchResultUsingDifferentDataSet" time="9.174" classname="uk.co.library.testsuite.JobSearchTest"/>
  <system-out>
    <![CDATA[Click on Accept All Button [[ChromeDriver: chrome on WINDOWS (d58a8dadf61ca3f304d850ad552db78a)] -> xpath: (//span[@class='mat-button-wrapper'])[3]]
Enter job title Testerin Job Title field[[ChromeDriver: chrome on WINDOWS (d58a8dadf61ca3f304d850ad552db78a)] -> xpath: //input[@id='keywords']]
Enter Location Harrowin Location field[[ChromeDriver: chrome on WINDOWS (d58a8dadf61ca3f304d850ad552db78a)] -> xpath: //input[@id='location']]
Select Distance up to 5 milesin Salary Type field[[ChromeDriver: chrome on WINDOWS (d58a8dadf61ca3f304d850ad552db78a)] -> id: salarymin]
Click on More Search Option Link [[ChromeDriver: chrome on WINDOWS (d58a8dadf61ca3f304d850ad552db78a)] -> xpath: //button[@id='toggle-hp-search']]
Enter minimum salary 30000in Salary Min field[[ChromeDriver: chrome on WINDOWS (d58a8dadf61ca3f304d850ad552db78a)] -> id: salarymin]
Enter maximum salary 500000in Salary Max field[[ChromeDriver: chrome on WINDOWS (d58a8dadf61ca3f304d850ad552db78a)] -> id: salarymax]
Select salary Type Per annumin Salary Type field[[ChromeDriver: chrome on WINDOWS (d58a8dadf61ca3f304d850ad552db78a)] -> id: salarymin]
Select job Type Permanentin Job Type field[[ChromeDriver: chrome on WINDOWS (d58a8dadf61ca3f304d850ad552db78a)] -> id: salarymin]
Click on Find Job Button [[ChromeDriver: chrome on WINDOWS (d58a8dadf61ca3f304d850ad552db78a)] -> xpath: //input[@id='hp-search-btn']]
Verify Result [[ChromeDriver: chrome on WINDOWS (d58a8dadf61ca3f304d850ad552db78a)] -> xpath: //h1[@class='search-header__title']]
Click to see screenshot
<a target = "_blank" href=C:\Users\nik_7\IdeaProjects\cv-library-uk-nauman/test-output/html/verifyJobSearchResultUsingDifferentDataSetFri_Dec_16_15_03_15_GMT_2022.jpg>Screenshot</a>
<br>
<br>
<a target = "_blank" href=C:\Users\nik_7\IdeaProjects\cv-library-uk-nauman/test-output/html/verifyJobSearchResultUsingDifferentDataSetFri_Dec_16_15_03_15_GMT_2022.jpg><img src=C:\Users\nik_7\IdeaProjects\cv-library-uk-nauman/test-output/html/verifyJobSearchResultUsingDifferentDataSetFri_Dec_16_15_03_15_GMT_2022.jpg height=200 width=200></img></a>]]>
  </system-out>
  <testcase name="verifyJobSearchResultUsingDifferentDataSet" time="9.207" classname="uk.co.library.testsuite.JobSearchTest"/>
  <system-out>
    <![CDATA[Click on Accept All Button [[ChromeDriver: chrome on WINDOWS (f2dd949578f3ee206ea8fd83b5095fc0)] -> xpath: (//span[@class='mat-button-wrapper'])[3]]
Enter job title Software Developerin Job Title field[[ChromeDriver: chrome on WINDOWS (f2dd949578f3ee206ea8fd83b5095fc0)] -> xpath: //input[@id='keywords']]
Enter Location Londonin Location field[[ChromeDriver: chrome on WINDOWS (f2dd949578f3ee206ea8fd83b5095fc0)] -> xpath: //input[@id='location']]
Select Distance up to 100 milesin Salary Type field[[ChromeDriver: chrome on WINDOWS (f2dd949578f3ee206ea8fd83b5095fc0)] -> id: salarymin]
Click on More Search Option Link [[ChromeDriver: chrome on WINDOWS (f2dd949578f3ee206ea8fd83b5095fc0)] -> xpath: //button[@id='toggle-hp-search']]
Enter minimum salary 1000in Salary Min field[[ChromeDriver: chrome on WINDOWS (f2dd949578f3ee206ea8fd83b5095fc0)] -> id: salarymin]
Enter maximum salary 3000in Salary Max field[[ChromeDriver: chrome on WINDOWS (f2dd949578f3ee206ea8fd83b5095fc0)] -> id: salarymax]
Select salary Type Per weekin Salary Type field[[ChromeDriver: chrome on WINDOWS (f2dd949578f3ee206ea8fd83b5095fc0)] -> id: salarymin]
Select job Type Part Timein Job Type field[[ChromeDriver: chrome on WINDOWS (f2dd949578f3ee206ea8fd83b5095fc0)] -> id: salarymin]
Click on Find Job Button [[ChromeDriver: chrome on WINDOWS (f2dd949578f3ee206ea8fd83b5095fc0)] -> xpath: //input[@id='hp-search-btn']]
Verify Result [[ChromeDriver: chrome on WINDOWS (f2dd949578f3ee206ea8fd83b5095fc0)] -> xpath: //h1[@class='search-header__title']]
Click to see screenshot
<a target = "_blank" href=C:\Users\nik_7\IdeaProjects\cv-library-uk-nauman/test-output/html/verifyJobSearchResultUsingDifferentDataSetFri_Dec_16_15_03_45_GMT_2022.jpg>Screenshot</a>
<br>
<br>
<a target = "_blank" href=C:\Users\nik_7\IdeaProjects\cv-library-uk-nauman/test-output/html/verifyJobSearchResultUsingDifferentDataSetFri_Dec_16_15_03_45_GMT_2022.jpg><img src=C:\Users\nik_7\IdeaProjects\cv-library-uk-nauman/test-output/html/verifyJobSearchResultUsingDifferentDataSetFri_Dec_16_15_03_45_GMT_2022.jpg height=200 width=200></img></a>]]>
  </system-out>
  <testcase name="verifyJobSearchResultUsingDifferentDataSet" time="7.760" classname="uk.co.library.testsuite.JobSearchTest"/>
  <system-out>
    <![CDATA[Click on Accept All Button [[ChromeDriver: chrome on WINDOWS (2fca68e5a2787fb26020ac3033422908)] -> xpath: (//span[@class='mat-button-wrapper'])[3]]
Enter job title Civil Engineerin Job Title field[[ChromeDriver: chrome on WINDOWS (2fca68e5a2787fb26020ac3033422908)] -> xpath: //input[@id='keywords']]
Enter Location Manchesterin Location field[[ChromeDriver: chrome on WINDOWS (2fca68e5a2787fb26020ac3033422908)] -> xpath: //input[@id='location']]
Select Distance up to 50 milesin Salary Type field[[ChromeDriver: chrome on WINDOWS (2fca68e5a2787fb26020ac3033422908)] -> id: salarymin]
Click on More Search Option Link [[ChromeDriver: chrome on WINDOWS (2fca68e5a2787fb26020ac3033422908)] -> xpath: //button[@id='toggle-hp-search']]
Enter minimum salary 15in Salary Min field[[ChromeDriver: chrome on WINDOWS (2fca68e5a2787fb26020ac3033422908)] -> id: salarymin]
Enter maximum salary 30in Salary Max field[[ChromeDriver: chrome on WINDOWS (2fca68e5a2787fb26020ac3033422908)] -> id: salarymax]
Select salary Type Per hourin Salary Type field[[ChromeDriver: chrome on WINDOWS (2fca68e5a2787fb26020ac3033422908)] -> id: salarymin]
Select job Type Apprenticeshipin Job Type field[[ChromeDriver: chrome on WINDOWS (2fca68e5a2787fb26020ac3033422908)] -> id: salarymin]
Click on Find Job Button [[ChromeDriver: chrome on WINDOWS (2fca68e5a2787fb26020ac3033422908)] -> xpath: //input[@id='hp-search-btn']]
Verify Result [[ChromeDriver: chrome on WINDOWS (2fca68e5a2787fb26020ac3033422908)] -> xpath: //h1[@class='search-header__title']]
Click to see screenshot
<a target = "_blank" href=C:\Users\nik_7\IdeaProjects\cv-library-uk-nauman/test-output/html/verifyJobSearchResultUsingDifferentDataSetFri_Dec_16_15_03_53_GMT_2022.jpg>Screenshot</a>
<br>
<br>
<a target = "_blank" href=C:\Users\nik_7\IdeaProjects\cv-library-uk-nauman/test-output/html/verifyJobSearchResultUsingDifferentDataSetFri_Dec_16_15_03_53_GMT_2022.jpg><img src=C:\Users\nik_7\IdeaProjects\cv-library-uk-nauman/test-output/html/verifyJobSearchResultUsingDifferentDataSetFri_Dec_16_15_03_53_GMT_2022.jpg height=200 width=200></img></a>]]>
  </system-out>
  <testcase name="verifyJobSearchResultUsingDifferentDataSet" time="9.677" classname="uk.co.library.testsuite.JobSearchTest"/>
  <system-out>
    <![CDATA[Click on Accept All Button [[ChromeDriver: chrome on WINDOWS (a79e5298114e866b92ef644952fd9c50)] -> xpath: (//span[@class='mat-button-wrapper'])[3]]
Enter job title Area Managerin Job Title field[[ChromeDriver: chrome on WINDOWS (a79e5298114e866b92ef644952fd9c50)] -> xpath: //input[@id='keywords']]
Enter Location Portsmouthin Location field[[ChromeDriver: chrome on WINDOWS (a79e5298114e866b92ef644952fd9c50)] -> xpath: //input[@id='location']]
Select Distance up to 10 milesin Salary Type field[[ChromeDriver: chrome on WINDOWS (a79e5298114e866b92ef644952fd9c50)] -> id: salarymin]
Click on More Search Option Link [[ChromeDriver: chrome on WINDOWS (a79e5298114e866b92ef644952fd9c50)] -> xpath: //button[@id='toggle-hp-search']]
Enter minimum salary 50in Salary Min field[[ChromeDriver: chrome on WINDOWS (a79e5298114e866b92ef644952fd9c50)] -> id: salarymin]
Enter maximum salary 300in Salary Max field[[ChromeDriver: chrome on WINDOWS (a79e5298114e866b92ef644952fd9c50)] -> id: salarymax]
Select salary Type Per dayin Salary Type field[[ChromeDriver: chrome on WINDOWS (a79e5298114e866b92ef644952fd9c50)] -> id: salarymin]
Select job Type Contractin Job Type field[[ChromeDriver: chrome on WINDOWS (a79e5298114e866b92ef644952fd9c50)] -> id: salarymin]
Click on Find Job Button [[ChromeDriver: chrome on WINDOWS (a79e5298114e866b92ef644952fd9c50)] -> xpath: //input[@id='hp-search-btn']]
Verify Result [[ChromeDriver: chrome on WINDOWS (a79e5298114e866b92ef644952fd9c50)] -> xpath: //h1[@class='search-header__title']]
Click to see screenshot
<a target = "_blank" href=C:\Users\nik_7\IdeaProjects\cv-library-uk-nauman/test-output/html/verifyJobSearchResultUsingDifferentDataSetFri_Dec_16_15_04_03_GMT_2022.jpg>Screenshot</a>
<br>
<br>
<a target = "_blank" href=C:\Users\nik_7\IdeaProjects\cv-library-uk-nauman/test-output/html/verifyJobSearchResultUsingDifferentDataSetFri_Dec_16_15_04_03_GMT_2022.jpg><img src=C:\Users\nik_7\IdeaProjects\cv-library-uk-nauman/test-output/html/verifyJobSearchResultUsingDifferentDataSetFri_Dec_16_15_04_03_GMT_2022.jpg height=200 width=200></img></a>]]>
  </system-out>
  <testcase name="verifyJobSearchResultUsingDifferentDataSet" time="9.527" classname="uk.co.library.testsuite.JobSearchTest"/>
  <system-out>
    <![CDATA[Click on Accept All Button [[ChromeDriver: chrome on WINDOWS (7c58ee1604dc18547ae42543f3a8f683)] -> xpath: (//span[@class='mat-button-wrapper'])[3]]
Enter job title Chefin Job Title field[[ChromeDriver: chrome on WINDOWS (7c58ee1604dc18547ae42543f3a8f683)] -> xpath: //input[@id='keywords']]
Enter Location Birminghamin Location field[[ChromeDriver: chrome on WINDOWS (7c58ee1604dc18547ae42543f3a8f683)] -> xpath: //input[@id='location']]
Select Distance up to 25 milesin Salary Type field[[ChromeDriver: chrome on WINDOWS (7c58ee1604dc18547ae42543f3a8f683)] -> id: salarymin]
Click on More Search Option Link [[ChromeDriver: chrome on WINDOWS (7c58ee1604dc18547ae42543f3a8f683)] -> xpath: //button[@id='toggle-hp-search']]
Enter minimum salary 100in Salary Min field[[ChromeDriver: chrome on WINDOWS (7c58ee1604dc18547ae42543f3a8f683)] -> id: salarymin]
Enter maximum salary 400in Salary Max field[[ChromeDriver: chrome on WINDOWS (7c58ee1604dc18547ae42543f3a8f683)] -> id: salarymax]
Select salary Type Per monthin Salary Type field[[ChromeDriver: chrome on WINDOWS (7c58ee1604dc18547ae42543f3a8f683)] -> id: salarymin]
Select job Type Temporaryin Job Type field[[ChromeDriver: chrome on WINDOWS (7c58ee1604dc18547ae42543f3a8f683)] -> id: salarymin]
Click on Find Job Button [[ChromeDriver: chrome on WINDOWS (7c58ee1604dc18547ae42543f3a8f683)] -> xpath: //input[@id='hp-search-btn']]
Verify Result [[ChromeDriver: chrome on WINDOWS (7c58ee1604dc18547ae42543f3a8f683)] -> xpath: //h1[@class='search-header__title']]
Click to see screenshot
<a target = "_blank" href=C:\Users\nik_7\IdeaProjects\cv-library-uk-nauman/test-output/html/verifyJobSearchResultUsingDifferentDataSetFri_Dec_16_15_03_36_GMT_2022.jpg>Screenshot</a>
<br>
<br>
<a target = "_blank" href=C:\Users\nik_7\IdeaProjects\cv-library-uk-nauman/test-output/html/verifyJobSearchResultUsingDifferentDataSetFri_Dec_16_15_03_36_GMT_2022.jpg><img src=C:\Users\nik_7\IdeaProjects\cv-library-uk-nauman/test-output/html/verifyJobSearchResultUsingDifferentDataSetFri_Dec_16_15_03_36_GMT_2022.jpg height=200 width=200></img></a>]]>
  </system-out>
</testsuite> <!-- uk.co.library.testsuite.JobSearchTest -->
